curl -H 'Content-Type: application/json' -XGET 'http://localhost:9200/post/post/_search?pretty' -d '{
  "from": 0,
  "query": {
    "multi_match": {
      "fields": [
        "*"
      ],
      "query": "post"
    }
  },
  "size": 3
}'
#[200] (0.006s)
#{
#  "_shards": {
#    "failed": 0,
#    "skipped": 0,
#    "successful": 5,
#    "total": 5
#  },
#  "hits": {
#    "hits": [
#      {
#        "_id": "1",
#        "_index": "post",
#        "_score": 0.2876821,
#        "_source": {
#          "body": "post from john"
#        },
#        "_type": "post"
#      },
#      {
#        "_id": "3",
#        "_index": "post",
#        "_score": 0.2876821,
#        "_source": {
#          "body": "post from mary"
#        },
#        "_type": "post"
#      },
#      {
#        "_id": "2",
#        "_index": "post",
#        "_score": 0.18232156,
#        "_source": {
#          "body": "post from susan"
#        },
#        "_type": "post"
#      }
#    ],
#    "max_score": 0.2876821,
#    "total": 4
#  },
#  "timed_out": false,
#  "took": 1
#}
